#
# There is insufficient memory for the Java Runtime Environment to continue.
# Native memory allocation (mmap) failed to map 65536 bytes for Failed to commit metaspace.
# Possible reasons:
#   The system is out of physical RAM or swap space
#   The process is running with CompressedOops enabled, and the Java Heap may be blocking the growth of the native heap
# Possible solutions:
#   Reduce memory load on the system
#   Increase physical memory or swap space
#   Check if swap backing store is full
#   Decrease Java heap size (-Xmx/-Xms)
#   Decrease number of Java threads
#   Decrease Java thread stack sizes (-Xss)
#   Set larger code cache with -XX:ReservedCodeCacheSize=
#   JVM is running with Unscaled Compressed Oops mode in which the Java heap is
#     placed in the first 4GB address space. The Java Heap base address is the
#     maximum limit for the native heap growth. Please use -XX:HeapBaseMinAddress
#     to set the Java Heap base and to place the Java Heap above 4GB virtual address.
# This output file may be truncated or incomplete.
#
#  Out of Memory Error (virtualSpaceNode.cpp:108), pid=8744, tid=21376
#
# JRE version: Java(TM) SE Runtime Environment (16.0.1+9) (build 16.0.1+9-24)
# Java VM: Java HotSpot(TM) 64-Bit Server VM (16.0.1+9-24, mixed mode, sharing, tiered, compressed oops, compressed class ptrs, g1 gc, windows-amd64)
# No core dump will be written. Minidumps are not enabled by default on client versions of Windows
#

---------------  S U M M A R Y ------------

Command Line: -javaagent:C:\Program Files\JetBrains\IntelliJ IDEA Community Edition 2021.1.3\lib\idea_rt.jar=51100:C:\Program Files\JetBrains\IntelliJ IDEA Community Edition 2021.1.3\bin -Dfile.encoding=UTF-8 Calculator.Calc

Host: 11th Gen Intel(R) Core(TM) i5-1135G7 @ 2.40GHz, 8 cores, 7G,  Windows 10 , 64 bit Build 19041 (10.0.19041.782)
Time: Mon Sep  5 17:17:35 2022  Windows 10 , 64 bit Build 19041 (10.0.19041.782) elapsed time: 0.421176 seconds (0d 0h 0m 0s)

---------------  T H R E A D  ---------------

Current thread (0x000001b38573e6b0):  JavaThread "main" [_thread_in_vm, id=21376, stack(0x00000018b2400000,0x00000018b2500000)]

Stack: [0x00000018b2400000,0x00000018b2500000]
Native frames: (J=compiled Java code, j=interpreted, Vv=VM code, C=native code)
V  [jvm.dll+0x6687ca]
V  [jvm.dll+0x7ca3c9]
V  [jvm.dll+0x7cbb53]
V  [jvm.dll+0x7cc1b3]
V  [jvm.dll+0x242ea5]
V  [jvm.dll+0x7c6a4b]
V  [jvm.dll+0x60e436]
V  [jvm.dll+0x60e49a]
V  [jvm.dll+0x610aca]
V  [jvm.dll+0x60ed31]
V  [jvm.dll+0x2372ef]
V  [jvm.dll+0x6193b5]
V  [jvm.dll+0x1e9a52]
V  [jvm.dll+0x1e9f85]
V  [jvm.dll+0x1eab0f]
V  [jvm.dll+0x1df8a1]
V  [jvm.dll+0x536728]
V  [jvm.dll+0x1f0fa2]
V  [jvm.dll+0x741e03]
V  [jvm.dll+0x7436a8]
V  [jvm.dll+0x7439d3]
V  [jvm.dll+0x406bb9]
V  [jvm.dll+0x3e274f]
C  [fontmanager.dll+0x757f]

Java frames: (J=compiled Java code, j=interpreted, Vv=VM code)
j  sun.font.SunFontManager.initIDs()V+0 java.desktop@16.0.1
j  sun.font.SunFontManager$1.run()Ljava/lang/Void;+3 java.desktop@16.0.1
j  sun.font.SunFontManager$1.run()Ljava/lang/Object;+1 java.desktop@16.0.1
j  java.security.AccessController.executePrivileged(Ljava/security/PrivilegedAction;Ljava/security/AccessControlContext;Ljava/lang/Class;)Ljava/lang/Object;+29 java.base@16.0.1
j  java.security.AccessController.doPrivileged(Ljava/security/PrivilegedAction;)Ljava/lang/Object;+5 java.base@16.0.1
j  sun.font.SunFontManager.<clinit>()V+54 java.desktop@16.0.1
v  ~StubRoutines::call_stub
j  sun.font.FontDesignMetrics.getMetrics(Ljava/awt/Font;Ljava/awt/font/FontRenderContext;)Lsun/font/FontDesignMetrics;+0 java.desktop@16.0.1
j  sun.swing.SwingUtilities2.getFontMetrics(Ljavax/swing/JComponent;Ljava/awt/Font;)Ljava/awt/FontMetrics;+15 java.desktop@16.0.1
j  javax.swing.JComponent.getFontMetrics(Ljava/awt/Font;)Ljava/awt/FontMetrics;+2 java.desktop@16.0.1
j  javax.swing.plaf.basic.BasicGraphicsUtils.getPreferredButtonSize(Ljavax/swing/AbstractButton;I)Ljava/awt/Dimension;+28 java.desktop@16.0.1
j  javax.swing.plaf.basic.BasicButtonUI.getPreferredSize(Ljavax/swing/JComponent;)Ljava/awt/Dimension;+10 java.desktop@16.0.1
j  javax.swing.plaf.basic.BasicButtonUI.getMinimumSize(Ljavax/swing/JComponent;)Ljava/awt/Dimension;+2 java.desktop@16.0.1
j  javax.swing.JComponent.getMinimumSize()Ljava/awt/Dimension;+26 java.desktop@16.0.1
j  javax.swing.plaf.basic.BasicOptionPaneUI.addButtonComponents(Ljava/awt/Container;[Ljava/lang/Object;I)V+244 java.desktop@16.0.1
j  javax.swing.plaf.basic.BasicOptionPaneUI.createButtonArea()Ljava/awt/Container;+109 java.desktop@16.0.1
j  javax.swing.plaf.basic.BasicOptionPaneUI.installComponents()V+35 java.desktop@16.0.1
j  javax.swing.plaf.basic.BasicOptionPaneUI.installUI(Ljavax/swing/JComponent;)V+24 java.desktop@16.0.1
j  javax.swing.JComponent.setUI(Ljavax/swing/plaf/ComponentUI;)V+52 java.desktop@16.0.1
j  javax.swing.JOptionPane.setUI(Ljavax/swing/plaf/OptionPaneUI;)V+10 java.desktop@16.0.1
j  javax.swing.JOptionPane.updateUI()V+8 java.desktop@16.0.1
j  javax.swing.JOptionPane.<init>(Ljava/lang/Object;IILjavax/swing/Icon;[Ljava/lang/Object;Ljava/lang/Object;)V+67 java.desktop@16.0.1
j  javax.swing.JOptionPane.showInputDialog(Ljava/awt/Component;Ljava/lang/Object;Ljava/lang/String;ILjavax/swing/Icon;[Ljava/lang/Object;Ljava/lang/Object;)Ljava/lang/Object;+11 java.desktop@16.0.1
j  javax.swing.JOptionPane.showInputDialog(Ljava/awt/Component;Ljava/lang/Object;Ljava/lang/String;I)Ljava/lang/String;+7 java.desktop@16.0.1
j  javax.swing.JOptionPane.showInputDialog(Ljava/awt/Component;Ljava/lang/Object;)Ljava/lang/String;+9 java.desktop@16.0.1
j  javax.swing.JOptionPane.showInputDialog(Ljava/lang/Object;)Ljava/lang/String;+2 java.desktop@16.0.1
j  Calculator.Calc.main([Ljava/lang/String;)V+8
v  ~StubRoutines::call_stub

---------------  P R O C E S S  ---------------

Threads class SMR info:
_java_thread_list=0x000001b3a430c480, length=18, elements={
0x000001b38573e6b0, 0x000001b3a3570dc0, 0x000001b3a35717c0, 0x000001b3a3584f40,
0x000001b3a3585940, 0x000001b3a3586340, 0x000001b3a3586d40, 0x000001b3a3588b30,
0x000001b3a358da40, 0x000001b3a35900a0, 0x000001b3a407f680, 0x000001b3a35521c0,
0x000001b3a41ec380, 0x000001b3a41aa2c0, 0x000001b3a43010f0, 0x000001b3a4301a90,
0x000001b3a42cf6f0, 0x000001b3a436f010
}

Java Threads: ( => current thread )
=>0x000001b38573e6b0 JavaThread "main" [_thread_in_vm, id=21376, stack(0x00000018b2400000,0x00000018b2500000)]
  0x000001b3a3570dc0 JavaThread "Reference Handler" daemon [_thread_blocked, id=21176, stack(0x00000018b2b00000,0x00000018b2c00000)]
  0x000001b3a35717c0 JavaThread "Finalizer" daemon [_thread_blocked, id=4416, stack(0x00000018b2c00000,0x00000018b2d00000)]
  0x000001b3a3584f40 JavaThread "Signal Dispatcher" daemon [_thread_blocked, id=12728, stack(0x00000018b2d00000,0x00000018b2e00000)]
  0x000001b3a3585940 JavaThread "Attach Listener" daemon [_thread_blocked, id=21432, stack(0x00000018b2e00000,0x00000018b2f00000)]
  0x000001b3a3586340 JavaThread "Service Thread" daemon [_thread_blocked, id=21324, stack(0x00000018b2f00000,0x00000018b3000000)]
  0x000001b3a3586d40 JavaThread "Monitor Deflation Thread" daemon [_thread_blocked, id=4264, stack(0x00000018b3000000,0x00000018b3100000)]
  0x000001b3a3588b30 JavaThread "C2 CompilerThread0" daemon [_thread_blocked, id=14892, stack(0x00000018b3100000,0x00000018b3200000)]
  0x000001b3a358da40 JavaThread "C1 CompilerThread0" daemon [_thread_blocked, id=21400, stack(0x00000018b3200000,0x00000018b3300000)]
  0x000001b3a35900a0 JavaThread "Sweeper thread" daemon [_thread_blocked, id=11896, stack(0x00000018b3300000,0x00000018b3400000)]
  0x000001b3a407f680 JavaThread "Common-Cleaner" daemon [_thread_blocked, id=6248, stack(0x00000018b3400000,0x00000018b3500000)]
  0x000001b3a35521c0 JavaThread "C2 CompilerThread1" daemon [_thread_blocked, id=11544, stack(0x00000018b3500000,0x00000018b3600000)]
  0x000001b3a41ec380 JavaThread "Monitor Ctrl-Break" daemon [_thread_in_native, id=19872, stack(0x00000018b3600000,0x00000018b3700000)]
  0x000001b3a41aa2c0 JavaThread "Notification Thread" daemon [_thread_blocked, id=20832, stack(0x00000018b3700000,0x00000018b3800000)]
  0x000001b3a43010f0 JavaThread "Java2D Disposer" daemon [_thread_blocked, id=20796, stack(0x00000018b3900000,0x00000018b3a00000)]
  0x000001b3a4301a90 JavaThread "AWT-Shutdown" [_thread_blocked, id=5800, stack(0x00000018b3a00000,0x00000018b3b00000)]
  0x000001b3a42cf6f0 JavaThread "AWT-Windows" daemon [_thread_in_native, id=19120, stack(0x00000018b3b00000,0x00000018b3c00000)]
  0x000001b3a436f010 JavaThread "Image Fetcher 0" daemon [_thread_blocked, id=12292, stack(0x00000018b3c00000,0x00000018b3d00000)]

Other Threads:
  0x000001b3a356d3d0 VMThread "VM Thread" [stack: 0x00000018b2a00000,0x00000018b2b00000] [id=21452]
  0x000001b3a418a9d0 WatcherThread [stack: 0x00000018b3800000,0x00000018b3900000] [id=17668]
  0x000001b38577d280 GCTaskThread "GC Thread#0" [stack: 0x00000018b2500000,0x00000018b2600000] [id=5476]
  0x000001b38578d8e0 ConcurrentGCThread "G1 Main Marker" [stack: 0x00000018b2600000,0x00000018b2700000] [id=19776]
  0x000001b38578e990 ConcurrentGCThread "G1 Conc#0" [stack: 0x00000018b2700000,0x00000018b2800000] [id=3528]
  0x000001b3a34120b0 ConcurrentGCThread "G1 Refine#0" [stack: 0x00000018b2800000,0x00000018b2900000] [id=6504]
  0x000001b3a34129d0 ConcurrentGCThread "G1 Service" [stack: 0x00000018b2900000,0x00000018b2a00000] [id=19032]

Threads with active compile tasks:

VM state: not at safepoint (normal execution)

VM Mutex/Monitor currently owned by a thread:  ([mutex/lock_event])
[0x000001b38572e1b0] MetaspaceExpand_lock - owner thread: 0x000001b38573e6b0

Heap address: 0x0000000084400000, size: 1980 MB, Compressed Oops mode: 32-bit

CDS archive(s) mapped at: [0x0000000800000000-0x0000000800bb0000-0x0000000800bb0000), size 12255232, SharedBaseAddress: 0x0000000800000000, ArchiveRelocationMode: 0.
Compressed class space mapped at: 0x0000000800c00000-0x0000000840c00000, reserved size: 1073741824
Narrow klass base: 0x0000000800000000, Narrow klass shift: 3, Narrow klass range: 0x100000000

GC Precious Log:
 CPUs: 8 total, 8 available
 Memory: 7914M
 Large Page Support: Disabled
 NUMA Support: Disabled
 Compressed Oops: Enabled (32-bit)
 Heap Region Size: 1M
 Heap Min Capacity: 8M
 Heap Initial Capacity: 124M
 Heap Max Capacity: 1980M
 Pre-touch: Disabled
 Parallel Workers: 8
 Concurrent Workers: 2
 Concurrent Refinement Workers: 8
 Periodic GC: Disabled

Heap:
 garbage-first heap   total 126976K, used 5120K [0x0000000084400000, 0x0000000100000000)
  region size 1024K, 6 young (6144K), 0 survivors (0K)
 Metaspace       used 5011K, committed 5120K, reserved 1056768K
  class space    used 509K, committed 576K, reserved 1048576K

Heap Regions: E=young(eden), S=young(survivor), O=old, HS=humongous(starts), HC=humongous(continues), CS=collection set, F=free, OA=open archive, CA=closed archive, TAMS=top-at-mark-start (previous, next)
|   0|0x0000000084400000, 0x0000000084400000, 0x0000000084500000|  0%| F|  |TAMS 0x0000000084400000, 0x0000000084400000| Untracked 
|   1|0x0000000084500000, 0x0000000084500000, 0x0000000084600000|  0%| F|  |TAMS 0x0000000084500000, 0x0000000084500000| Untracked 
|   2|0x0000000084600000, 0x0000000084600000, 0x0000000084700000|  0%| F|  |TAMS 0x0000000084600000, 0x0000000084600000| Untracked 
|   3|0x0000000084700000, 0x0000000084700000, 0x0000000084800000|  0%| F|  |TAMS 0x0000000084700000, 0x0000000084700000| Untracked 
|   4|0x0000000084800000, 0x0000000084800000, 0x0000000084900000|  0%| F|  |TAMS 0x0000000084800000, 0x0000000084800000| Untracked 
|   5|0x0000000084900000, 0x0000000084900000, 0x0000000084a00000|  0%| F|  |TAMS 0x0000000084900000, 0x0000000084900000| Untracked 
|   6|0x0000000084a00000, 0x0000000084a00000, 0x0000000084b00000|  0%| F|  |TAMS 0x0000000084a00000, 0x0000000084a00000| Untracked 
|   7|0x0000000084b00000, 0x0000000084b00000, 0x0000000084c00000|  0%| F|  |TAMS 0x0000000084b00000, 0x0000000084b00000| Untracked 
|   8|0x0000000084c00000, 0x0000000084c00000, 0x0000000084d00000|  0%| F|  |TAMS 0x0000000084c00000, 0x0000000084c00000| Untracked 
|   9|0x0000000084d00000, 0x0000000084d00000, 0x0000000084e00000|  0%| F|  |TAMS 0x0000000084d00000, 0x0000000084d00000| Untracked 
|  10|0x0000000084e00000, 0x0000000084e00000, 0x0000000084f00000|  0%| F|  |TAMS 0x0000000084e00000, 0x0000000084e00000| Untracked 
|  11|0x0000000084f00000, 0x0000000084f00000, 0x0000000085000000|  0%| F|  |TAMS 0x0000000084f00000, 0x0000000084f00000| Untracked 
|  12|0x0000000085000000, 0x0000000085000000, 0x0000000085100000|  0%| F|  |TAMS 0x0000000085000000, 0x0000000085000000| Untracked 
|  13|0x0000000085100000, 0x0000000085100000, 0x0000000085200000|  0%| F|  |TAMS 0x0000000085100000, 0x0000000085100000| Untracked 
|  14|0x0000000085200000, 0x0000000085200000, 0x0000000085300000|  0%| F|  |TAMS 0x0000000085200000, 0x0000000085200000| Untracked 
|  15|0x0000000085300000, 0x0000000085300000, 0x0000000085400000|  0%| F|  |TAMS 0x0000000085300000, 0x0000000085300000| Untracked 
|  16|0x0000000085400000, 0x0000000085400000, 0x0000000085500000|  0%| F|  |TAMS 0x0000000085400000, 0x0000000085400000| Untracked 
|  17|0x0000000085500000, 0x0000000085500000, 0x0000000085600000|  0%| F|  |TAMS 0x0000000085500000, 0x0000000085500000| Untracked 
|  18|0x0000000085600000, 0x0000000085600000, 0x0000000085700000|  0%| F|  |TAMS 0x0000000085600000, 0x0000000085600000| Untracked 
|  19|0x0000000085700000, 0x0000000085700000, 0x0000000085800000|  0%| F|  |TAMS 0x0000000085700000, 0x0000000085700000| Untracked 
|  20|0x0000000085800000, 0x0000000085800000, 0x0000000085900000|  0%| F|  |TAMS 0x0000000085800000, 0x0000000085800000| Untracked 
|  21|0x0000000085900000, 0x0000000085900000, 0x0000000085a00000|  0%| F|  |TAMS 0x0000000085900000, 0x0000000085900000| Untracked 
|  22|0x0000000085a00000, 0x0000000085a00000, 0x0000000085b00000|  0%| F|  |TAMS 0x0000000085a00000, 0x0000000085a00000| Untracked 
|  23|0x0000000085b00000, 0x0000000085b00000, 0x0000000085c00000|  0%| F|  |TAMS 0x0000000085b00000, 0x0000000085b00000| Untracked 
|  24|0x0000000085c00000, 0x0000000085c00000, 0x0000000085d00000|  0%| F|  |TAMS 0x0000000085c00000, 0x0000000085c00000| Untracked 
|  25|0x0000000085d00000, 0x0000000085d00000, 0x0000000085e00000|  0%| F|  |TAMS 0x0000000085d00000, 0x0000000085d00000| Untracked 
|  26|0x0000000085e00000, 0x0000000085e00000, 0x0000000085f00000|  0%| F|  |TAMS 0x0000000085e00000, 0x0000000085e00000| Untracked 
|  27|0x0000000085f00000, 0x0000000085f00000, 0x0000000086000000|  0%| F|  |TAMS 0x0000000085f00000, 0x0000000085f00000| Untracked 
|  28|0x0000000086000000, 0x0000000086000000, 0x0000000086100000|  0%| F|  |TAMS 0x0000000086000000, 0x0000000086000000| Untracked 
|  29|0x0000000086100000, 0x0000000086100000, 0x0000000086200000|  0%| F|  |TAMS 0x0000000086100000, 0x0000000086100000| Untracked 
|  30|0x0000000086200000, 0x0000000086200000, 0x0000000086300000|  0%| F|  |TAMS 0x0000000086200000, 0x0000000086200000| Untracked 
|  31|0x0000000086300000, 0x0000000086300000, 0x0000000086400000|  0%| F|  |TAMS 0x0000000086300000, 0x0000000086300000| Untracked 
|  32|0x0000000086400000, 0x0000000086400000, 0x0000000086500000|  0%| F|  |TAMS 0x0000000086400000, 0x0000000086400000| Untracked 
|  33|0x0000000086500000, 0x0000000086500000, 0x0000000086600000|  0%| F|  |TAMS 0x0000000086500000, 0x0000000086500000| Untracked 
|  34|0x0000000086600000, 0x0000000086600000, 0x0000000086700000|  0%| F|  |TAMS 0x0000000086600000, 0x0000000086600000| Untracked 
|  35|0x0000000086700000, 0x0000000086700000, 0x0000000086800000|  0%| F|  |TAMS 0x0000000086700000, 0x0000000086700000| Untracked 
|  36|0x0000000086800000, 0x0000000086800000, 0x0000000086900000|  0%| F|  |TAMS 0x0000000086800000, 0x0000000086800000| Untracked 
|  37|0x0000000086900000, 0x0000000086900000, 0x0000000086a00000|  0%| F|  |TAMS 0x0000000086900000, 0x0000000086900000| Untracked 
|  38|0x0000000086a00000, 0x0000000086a00000, 0x0000000086b00000|  0%| F|  |TAMS 0x0000000086a00000, 0x0000000086a00000| Untracked 
|  39|0x0000000086b00000, 0x0000000086b00000, 0x0000000086c00000|  0%| F|  |TAMS 0x0000000086b00000, 0x0000000086b00000| Untracked 
|  40|0x0000000086c00000, 0x0000000086c00000, 0x0000000086d00000|  0%| F|  |TAMS 0x0000000086c00000, 0x0000000086c00000| Untracked 
|  41|0x0000000086d00000, 0x0000000086d00000, 0x0000000086e00000|  0%| F|  |TAMS 0x0000000086d00000, 0x0000000086d00000| Untracked 
|  42|0x0000000086e00000, 0x0000000086e00000, 0x0000000086f00000|  0%| F|  |TAMS 0x0000000086e00000, 0x0000000086e00000| Untracked 
|  43|0x0000000086f00000, 0x0000000086f00000, 0x0000000087000000|  0%| F|  |TAMS 0x0000000086f00000, 0x0000000086f00000| Untracked 
|  44|0x0000000087000000, 0x0000000087000000, 0x0000000087100000|  0%| F|  |TAMS 0x0000000087000000, 0x0000000087000000| Untracked 
|  45|0x0000000087100000, 0x0000000087100000, 0x0000000087200000|  0%| F|  |TAMS 0x0000000087100000, 0x0000000087100000| Untracked 
|  46|0x0000000087200000, 0x0000000087200000, 0x0000000087300000|  0%| F|  |TAMS 0x0000000087200000, 0x0000000087200000| Untracked 
|  47|0x0000000087300000, 0x0000000087300000, 0x0000000087400000|  0%| F|  |TAMS 0x0000000087300000, 0x0000000087300000| Untracked 
|  48|0x0000000087400000, 0x0000000087400000, 0x0000000087500000|  0%| F|  |TAMS 0x0000000087400000, 0x0000000087400000| Untracked 
|  49|0x0000000087500000, 0x0000000087500000, 0x0000000087600000|  0%| F|  |TAMS 0x0000000087500000, 0x0000000087500000| Untracked 
|  50|0x0000000087600000, 0x0000000087600000, 0x0000000087700000|  0%| F|  |TAMS 0x0000000087600000, 0x0000000087600000| Untracked 
|  51|0x0000000087700000, 0x0000000087700000, 0x0000000087800000|  0%| F|  |TAMS 0x0000000087700000, 0x0000000087700000| Untracked 
|  52|0x0000000087800000, 0x0000000087800000, 0x0000000087900000|  0%| F|  |TAMS 0x0000000087800000, 0x0000000087800000| Untracked 
|  53|0x0000000087900000, 0x0000000087900000, 0x0000000087a00000|  0%| F|  |TAMS 0x0000000087900000, 0x0000000087900000| Untracked 
|  54|0x0000000087a00000, 0x0000000087a00000, 0x0000000087b00000|  0%| F|  |TAMS 0x0000000087a00000, 0x0000000087a00000| Untracked 
|  55|0x0000000087b00000, 0x0000000087b00000, 0x0000000087c00000|  0%| F|  |TAMS 0x0000000087b00000, 0x0000000087b00000| Untracked 
|  56|0x0000000087c00000, 0x0000000087c00000, 0x0000000087d00000|  0%| F|  |TAMS 0x0000000087c00000, 0x0000000087c00000| Untracked 
|  57|0x0000000087d00000, 0x0000000087d00000, 0x0000000087e00000|  0%| F|  |TAMS 0x0000000087d00000, 0x0000000087d00000| Untracked 
|  58|0x0000000087e00000, 0x0000000087e00000, 0x0000000087f00000|  0%| F|  |TAMS 0x0000000087e00000, 0x0000000087e00000| Untracked 
|  59|0x0000000087f00000, 0x0000000087f00000, 0x0000000088000000|  0%| F|  |TAMS 0x0000000087f00000, 0x0000000087f00000| Untracked 
|  60|0x0000000088000000, 0x0000000088000000, 0x0000000088100000|  0%| F|  |TAMS 0x0000000088000000, 0x0000000088000000| Untracked 
|  61|0x0000000088100000, 0x0000000088100000, 0x0000000088200000|  0%| F|  |TAMS 0x0000000088100000, 0x0000000088100000| Untracked 
|  62|0x0000000088200000, 0x0000000088200000, 0x0000000088300000|  0%| F|  |TAMS 0x0000000088200000, 0x0000000088200000| Untracked 
|  63|0x0000000088300000, 0x0000000088300000, 0x0000000088400000|  0%| F|  |TAMS 0x0000000088300000, 0x0000000088300000| Untracked 
|  64|0x0000000088400000, 0x0000000088400000, 0x0000000088500000|  0%| F|  |TAMS 0x0000000088400000, 0x0000000088400000| Untracked 
|  65|0x0000000088500000, 0x0000000088500000, 0x0000000088600000|  0%| F|  |TAMS 0x0000000088500000, 0x0000000088500000| Untracked 
|  66|0x0000000088600000, 0x0000000088600000, 0x0000000088700000|  0%| F|  |TAMS 0x0000000088600000, 0x0000000088600000| Untracked 
|  67|0x0000000088700000, 0x0000000088700000, 0x0000000088800000|  0%| F|  |TAMS 0x0000000088700000, 0x0000000088700000| Untracked 
|  68|0x0000000088800000, 0x0000000088800000, 0x0000000088900000|  0%| F|  |TAMS 0x0000000088800000, 0x0000000088800000| Untracked 
|  69|0x0000000088900000, 0x0000000088900000, 0x0000000088a00000|  0%| F|  |TAMS 0x0000000088900000, 0x0000000088900000| Untracked 
|  70|0x0000000088a00000, 0x0000000088a00000, 0x0000000088b00000|  0%| F|  |TAMS 0x0000000088a00000, 0x0000000088a00000| Untracked 
|  71|0x0000000088b00000, 0x0000000088b00000, 0x0000000088c00000|  0%| F|  |TAMS 0x0000000088b00000, 0x0000000088b00000| Untracked 
|  72|0x0000000088c00000, 0x0000000088c00000, 0x0000000088d00000|  0%| F|  |TAMS 0x0000000088c00000, 0x0000000088c00000| Untracked 
|  73|0x0000000088d00000, 0x0000000088d00000, 0x0000000088e00000|  0%| F|  |TAMS 0x0000000088d00000, 0x0000000088d00000| Untracked 
|  74|0x0000000088e00000, 0x0000000088e00000, 0x0000000088f00000|  0%| F|  |TAMS 0x0000000088e00000, 0x0000000088e00000| Untracked 
|  75|0x0000000088f00000, 0x0000000088f00000, 0x0000000089000000|  0%| F|  |TAMS 0x0000000088f00000, 0x0000000088f00000| Untracked 
|  76|0x0000000089000000, 0x0000000089000000, 0x0000000089100000|  0%| F|  |TAMS 0x0000000089000000, 0x0000000089000000| Untracked 
|  77|0x0000000089100000, 0x0000000089100000, 0x0000000089200000|  0%| F|  |TAMS 0x0000000089100000, 0x0000000089100000| Untracked 
|  78|0x0000000089200000, 0x0000000089200000, 0x0000000089300000|  0%| F|  |TAMS 0x0000000089200000, 0x0000000089200000| Untracked 
|  79|0x0000000089300000, 0x0000000089300000, 0x0000000089400000|  0%| F|  |TAMS 0x0000000089300000, 0x0000000089300000| Untracked 
|  80|0x0000000089400000, 0x0000000089400000, 0x0000000089500000|  0%| F|  |TAMS 0x0000000089400000, 0x0000000089400000| Untracked 
|  81|0x0000000089500000, 0x0000000089500000, 0x0000000089600000|  0%| F|  |TAMS 0x0000000089500000, 0x0000000089500000| Untracked 
|  82|0x0000000089600000, 0x0000000089600000, 0x0000000089700000|  0%| F|  |TAMS 0x0000000089600000, 0x0000000089600000| Untracked 
|  83|0x0000000089700000, 0x0000000089700000, 0x0000000089800000|  0%| F|  |TAMS 0x0000000089700000, 0x0000000089700000| Untracked 
|  84|0x0000000089800000, 0x0000000089800000, 0x0000000089900000|  0%| F|  |TAMS 0x0000000089800000, 0x0000000089800000| Untracked 
|  85|0x0000000089900000, 0x0000000089900000, 0x0000000089a00000|  0%| F|  |TAMS 0x0000000089900000, 0x0000000089900000| Untracked 
|  86|0x0000000089a00000, 0x0000000089a00000, 0x0000000089b00000|  0%| F|  |TAMS 0x0000000089a00000, 0x0000000089a00000| Untracked 
|  87|0x0000000089b00000, 0x0000000089b00000, 0x0000000089c00000|  0%| F|  |TAMS 0x0000000089b00000, 0x0000000089b00000| Untracked 
|  88|0x0000000089c00000, 0x0000000089c00000, 0x0000000089d00000|  0%| F|  |TAMS 0x0000000089c00000, 0x0000000089c00000| Untracked 
|  89|0x0000000089d00000, 0x0000000089d00000, 0x0000000089e00000|  0%| F|  |TAMS 0x0000000089d00000, 0x0000000089d00000| Untracked 
|  90|0x0000000089e00000, 0x0000000089e00000, 0x0000000089f00000|  0%| F|  |TAMS 0x0000000089e00000, 0x0000000089e00000| Untracked 
|  91|0x0000000089f00000, 0x0000000089f00000, 0x000000008a000000|  0%| F|  |TAMS 0x0000000089f00000, 0x0000000089f00000| Untracked 
|  92|0x000000008a000000, 0x000000008a000000, 0x000000008a100000|  0%| F|  |TAMS 0x000000008a000000, 0x000000008a000000| Untracked 
|  93|0x000000008a100000, 0x000000008a100000, 0x000000008a200000|  0%| F|  |TAMS 0x000000008a100000, 0x000000008a100000| Untracked 
|  94|0x000000008a200000, 0x000000008a200000, 0x000000008a300000|  0%| F|  |TAMS 0x000000008a200000, 0x000000008a200000| Untracked 
|  95|0x000000008a300000, 0x000000008a300000, 0x000000008a400000|  0%| F|  |TAMS 0x000000008a300000, 0x000000008a300000| Untracked 
|  96|0x000000008a400000, 0x000000008a400000, 0x000000008a500000|  0%| F|  |TAMS 0x000000008a400000, 0x000000008a400000| Untracked 
|  97|0x000000008a500000, 0x000000008a500000, 0x000000008a600000|  0%| F|  |TAMS 0x000000008a500000, 0x000000008a500000| Untracked 
|  98|0x000000008a600000, 0x000000008a600000, 0x000000008a700000|  0%| F|  |TAMS 0x000000008a600000, 0x000000008a600000| Untracked 
|  99|0x000000008a700000, 0x000000008a700000, 0x000000008a800000|  0%| F|  |TAMS 0x000000008a700000, 0x000000008a700000| Untracked 
| 100|0x000000008a800000, 0x000000008a800000, 0x000000008a900000|  0%| F|  |TAMS 0x000000008a800000, 0x000000008a800000| Untracked 
| 101|0x000000008a900000, 0x000000008a900000, 0x000000008aa00000|  0%| F|  |TAMS 0x000000008a900000, 0x000000008a900000| Untracked 
| 102|0x000000008aa00000, 0x000000008aa00000, 0x000000008ab00000|  0%| F|  |TAMS 0x000000008aa00000, 0x000000008aa00000| Untracked 
| 103|0x000000008ab00000, 0x000000008ab00000, 0x000000008ac00000|  0%| F|  |TAMS 0x000000008ab00000, 0x000000008ab00000| Untracked 
| 104|0x000000008ac00000, 0x000000008ac00000, 0x000000008ad00000|  0%| F|  |TAMS 0x000000008ac00000, 0x000000008ac00000| Untracked 
| 105|0x000000008ad00000, 0x000000008ad00000, 0x000000008ae00000|  0%| F|  |TAMS 0x000000008ad00000, 0x000000008ad00000| Untracked 
| 106|0x000000008ae00000, 0x000000008ae00000, 0x000000008af00000|  0%| F|  |TAMS 0x000000008ae00000, 0x000000008ae00000| Untracked 
| 107|0x000000008af00000, 0x000000008af00000, 0x000000008b000000|  0%| F|  |TAMS 0x000000008af00000, 0x000000008af00000| Untracked 
| 108|0x000000008b000000, 0x000000008b000000, 0x000000008b100000|  0%| F|  |TAMS 0x000000008b000000, 0x000000008b000000| Untracked 
| 109|0x000000008b100000, 0x000000008b100000, 0x000000008b200000|  0%| F|  |TAMS 0x000000008b100000, 0x000000008b100000| Untracked 
| 110|0x000000008b200000, 0x000000008b200000, 0x000000008b300000|  0%| F|  |TAMS 0x000000008b200000, 0x000000008b200000| Untracked 
| 111|0x000000008b300000, 0x000000008b300000, 0x000000008b400000|  0%| F|  |TAMS 0x000000008b300000, 0x000000008b300000| Untracked 
| 112|0x000000008b400000, 0x000000008b400000, 0x000000008b500000|  0%| F|  |TAMS 0x000000008b400000, 0x000000008b400000| Untracked 
| 113|0x000000008b500000, 0x000000008b500000, 0x000000008b600000|  0%| F|  |TAMS 0x000000008b500000, 0x000000008b500000| Untracked 
| 114|0x000000008b600000, 0x000000008b600000, 0x000000008b700000|  0%| F|  |TAMS 0x000000008b600000, 0x000000008b600000| Untracked 
| 115|0x000000008b700000, 0x000000008b700000, 0x000000008b800000|  0%| F|  |TAMS 0x000000008b700000, 0x000000008b700000| Untracked 
| 116|0x000000008b800000, 0x000000008b800000, 0x000000008b900000|  0%| F|  |TAMS 0x000000008b800000, 0x000000008b800000| Untracked 
| 117|0x000000008b900000, 0x000000008b900000, 0x000000008ba00000|  0%| F|  |TAMS 0x000000008b900000, 0x000000008b900000| Untracked 
| 118|0x000000008ba00000, 0x000000008baee078, 0x000000008bb00000| 92%| E|  |TAMS 0x000000008ba00000, 0x000000008ba00000| Complete 
| 119|0x000000008bb00000, 0x000000008bc00000, 0x000000008bc00000|100%| E|CS|TAMS 0x000000008bb00000, 0x000000008bb00000| Complete 
| 120|0x000000008bc00000, 0x000000008bd00000, 0x000000008bd00000|100%| E|CS|TAMS 0x000000008bc00000, 0x000000008bc00000| Complete 
| 121|0x000000008bd00000, 0x000000008be00000, 0x000000008be00000|100%| E|CS|TAMS 0x000000008bd00000, 0x000000008bd00000| Complete 
| 122|0x000000008be00000, 0x000000008bf00000, 0x000000008bf00000|100%| E|CS|TAMS 0x000000008be00000, 0x000000008be00000| Complete 
| 123|0x000000008bf00000, 0x000000008c000000, 0x000000008c000000|100%| E|CS|TAMS 0x000000008bf00000, 0x000000008bf00000| Complete 

Card table byte_map: [0x000001b39c5d0000,0x000001b39c9b0000] _byte_map_base: 0x000001b39c1ae000

Marking Bits (Prev, Next): (CMBitMap*) 0x000001b38577d790, (CMBitMap*) 0x000001b38577d7d0
 Prev Bits: [0x000001b39cd90000, 0x000001b39ec80000)
 Next Bits: [0x000001b39ec80000, 0x000001b3a0b70000)

Polling page: 0x000001b3836a0000

Metaspace:

Usage:
  Non-class:      4.40 MB used.
      Class:    509.62 KB used.
       Both:      4.89 MB used.

Virtual space:
  Non-class space:        8.00 MB reserved,       4.44 MB ( 55%) committed,  1 nodes.
      Class space:        1.00 GB reserved,     576.00 KB ( <1%) committed,  1 nodes.
              Both:        1.01 GB reserved,       5.00 MB ( <1%) committed. 

Chunk freelists:
   Non-Class:  2.89 MB
       Class:  3.25 MB
        Both:  6.14 MB

MaxMetaspaceSize: 17179869184.00 GB
CompressedClassSpaceSize: 1.00 GB
 - commit_granule_bytes: 65536.
 - commit_granule_words: 8192.
 - virtual_space_node_default_size: 1048576.
 - enlarge_chunks_in_place: 1.
 - new_chunks_are_fully_committed: 0.
 - uncommit_free_chunks: 1.
 - use_allocation_guard: 0.
 - handle_deallocations: 1.


Internal statistics:

num_allocs_failed_limit: 0.
num_arena_births: 100.
num_arena_deaths: 0.
num_vsnodes_births: 2.
num_vsnodes_deaths: 0.
num_space_committed: 80.
num_space_uncommitted: 0.
num_chunks_returned_to_freelist: 0.
num_chunks_taken_from_freelist: 121.
num_chunk_merges: 0.
num_chunk_splits: 77.
num_chunks_enlarged: 40.
num_purges: 0.

CodeHeap 'non-profiled nmethods': size=120000Kb used=153Kb max_used=153Kb free=119846Kb
 bounds [0x000001b394990000, 0x000001b394c00000, 0x000001b39bec0000]
CodeHeap 'profiled nmethods': size=120000Kb used=759Kb max_used=759Kb free=119240Kb
 bounds [0x000001b38d460000, 0x000001b38d6d0000, 0x000001b394990000]
CodeHeap 'non-nmethods': size=5760Kb used=1232Kb max_used=1244Kb free=4527Kb
 bounds [0x000001b38cec0000, 0x000001b38d130000, 0x000001b38d460000]
 total_blobs=1049 nmethods=520 adapters=442
 compilation: enabled
              stopped_count=0, restarted_count=0
 full_count=0

Compilation events (20 events):
Event: 0.332 Thread 0x000001b3a358da40  511       3       java.lang.String::equals (50 bytes)
Event: 0.333 Thread 0x000001b3a358da40 nmethod 511 0x000001b38d51ab10 code [0x000001b38d51ace0, 0x000001b38d51b148]
Event: 0.334 Thread 0x000001b3a358da40  512       3       java.lang.StringConcatHelper::stringOf (20 bytes)
Event: 0.334 Thread 0x000001b3a358da40 nmethod 512 0x000001b38d51b210 code [0x000001b38d51b3c0, 0x000001b38d51b608]
Event: 0.335 Thread 0x000001b3a358da40  513  s    3       java.util.Hashtable::get (69 bytes)
Event: 0.335 Thread 0x000001b3a358da40 nmethod 513 0x000001b38d51b710 code [0x000001b38d51b900, 0x000001b38d51be58]
Event: 0.337 Thread 0x000001b3a358da40  514       3       java.lang.reflect.Array::newInstance (6 bytes)
Event: 0.337 Thread 0x000001b3a358da40 nmethod 514 0x000001b38d51c010 code [0x000001b38d51c1c0, 0x000001b38d51c2c8]
Event: 0.337 Thread 0x000001b3a358da40  515       3       java.lang.String::charAt (25 bytes)
Event: 0.338 Thread 0x000001b3a358da40 nmethod 515 0x000001b38d51c390 code [0x000001b38d51c580, 0x000001b38d51cab8]
Event: 0.338 Thread 0x000001b3a358da40  516       3       java.util.ArrayList::add (25 bytes)
Event: 0.338 Thread 0x000001b3a358da40 nmethod 516 0x000001b38d51cd10 code [0x000001b38d51cee0, 0x000001b38d51d328]
Event: 0.338 Thread 0x000001b3a358da40  517       3       java.util.ArrayList::add (23 bytes)
Event: 0.338 Thread 0x000001b3a358da40 nmethod 517 0x000001b38d51d510 code [0x000001b38d51d6e0, 0x000001b38d51daa8]
Event: 0.340 Thread 0x000001b3a358da40  518       1       java.beans.PropertyChangeEvent::getPropertyName (5 bytes)
Event: 0.340 Thread 0x000001b3a358da40 nmethod 518 0x000001b3949b5c10 code [0x000001b3949b5da0, 0x000001b3949b5e78]
Event: 0.402 Thread 0x000001b3a35521c0  519       4       java.lang.Object::<init> (1 bytes)
Event: 0.403 Thread 0x000001b3a35521c0 nmethod 519 0x000001b3949b5f10 code [0x000001b3949b60a0, 0x000001b3949b6158]
Event: 0.414 Thread 0x000001b3a358da40  520       3       jdk.internal.loader.NativeLibraries$NativeLibraryImpl::find (6 bytes)
Event: 0.415 Thread 0x000001b3a358da40 nmethod 520 0x000001b38d51dc10 code [0x000001b38d51ddc0, 0x000001b38d51dee8]

GC Heap History (0 events):
No events

Deoptimization events (8 events):
Event: 0.327 Thread 0x000001b38573e6b0 Uncommon trap: trap_request=0xffffff45 fr.pc=0x000001b39499dda0 relative=0x0000000000000180
Event: 0.327 Thread 0x000001b38573e6b0 Uncommon trap: reason=unstable_if action=reinterpret pc=0x000001b39499dda0 method=java.lang.String.equals(Ljava/lang/Object;)Z @ 33 c2
Event: 0.327 Thread 0x000001b38573e6b0 DEOPT PACKING pc=0x000001b39499dda0 sp=0x00000018b24fead0
Event: 0.327 Thread 0x000001b38573e6b0 DEOPT UNPACKING pc=0x000001b38cf0f92e sp=0x00000018b24fea70 mode 2
Event: 0.329 Thread 0x000001b38573e6b0 Uncommon trap: trap_request=0xffffff45 fr.pc=0x000001b39499eb94 relative=0x0000000000000074
Event: 0.329 Thread 0x000001b38573e6b0 Uncommon trap: reason=unstable_if action=reinterpret pc=0x000001b39499eb94 method=java.lang.String.isLatin1()Z @ 10 c2
Event: 0.329 Thread 0x000001b38573e6b0 DEOPT PACKING pc=0x000001b39499eb94 sp=0x00000018b24fe840
Event: 0.329 Thread 0x000001b38573e6b0 DEOPT UNPACKING pc=0x000001b38cf0f92e sp=0x00000018b24fe780 mode 2

Classes unloaded (0 events):
No events

Classes redefined (0 events):
No events

Internal exceptions (13 events):
Event: 0.070 Thread 0x000001b3a41ec380 Exception <a 'java/lang/NoSuchMethodError'{0x000000008bef52a0}: 'java.lang.Object java.lang.invoke.DirectMethodHandle$Holder.invokeStatic(java.lang.Object)'> (0x000000008bef52a0) 
thrown [t:\workspace\open\src\hotspot\share\interpreter\linkResolver.cpp, line 790]
Event: 0.070 Thread 0x000001b3a41ec380 Exception <a 'java/lang/NoSuchMethodError'{0x000000008bef8bb0}: 'java.lang.Object java.lang.invoke.DirectMethodHandle$Holder.invokeStaticInit(java.lang.Object)'> (0x000000008bef8bb0) 
thrown [t:\workspace\open\src\hotspot\share\interpreter\linkResolver.cpp, line 790]
Event: 0.078 Thread 0x000001b3a41ec380 Exception <a 'java/lang/NoSuchMethodError'{0x000000008bd081f0}: 'void java.lang.invoke.DirectMethodHandle$Holder.invokeStatic(java.lang.Object, java.lang.Object)'> (0x000000008bd081f0) 
thrown [t:\workspace\open\src\hotspot\share\interpreter\linkResolver.cpp, line 790]
Event: 0.091 Thread 0x000001b38573e6b0 Exception <a 'java/lang/NoSuchMethodError'{0x000000008beb1e08}: 'void java.lang.invoke.DirectMethodHandle$Holder.invokeSpecial(java.lang.Object, java.lang.Object, java.lang.Object)'> (0x000000008beb1e08) 
thrown [t:\workspace\open\src\hotspot\share\interpreter\linkResolver.cpp, line 790]
Event: 0.099 Thread 0x000001b38573e6b0 Exception <a 'java/lang/ClassNotFoundException'{0x000000008bec8180}: sun/awt/resources/spi/awtProvider> (0x000000008bec8180) 
thrown [t:\workspace\open\src\hotspot\share\classfile\systemDictionary.cpp, line 256]
Event: 0.180 Thread 0x000001b38573e6b0 Exception <a 'java/io/FileNotFoundException'{0x000000008bda90a8}> (0x000000008bda90a8) 
thrown [t:\workspace\open\src\hotspot\share\prims\jni.cpp, line 579]
Event: 0.187 Thread 0x000001b38573e6b0 Exception <a 'java/io/FileNotFoundException'{0x000000008bdd7c08}> (0x000000008bdd7c08) 
thrown [t:\workspace\open\src\hotspot\share\prims\jni.cpp, line 579]
Event: 0.272 Thread 0x000001b38573e6b0 Exception <a 'java/lang/NoSuchMethodError'{0x000000008bc70c78}: 'java.lang.Object java.lang.invoke.DirectMethodHandle$Holder.newInvokeSpecial(java.lang.Object, java.lang.Object, java.lang.Object, java.lang.Object, java.lang.Object)'> (0x000000008bc70c78) 
thrown [t:\workspace\open\src\hotspot\share\interpreter\linkResolver.cpp, line 790]
Event: 0.273 Thread 0x000001b38573e6b0 Exception <a 'java/lang/NoSuchMethodError'{0x000000008bcf2710}: 'java.lang.Object java.lang.invoke.DirectMethodHandle$Holder.invokeStatic(java.lang.Object, int, java.lang.Object, java.lang.Object, java.lang.Object, java.lang.Object)'> (0x000000008bcf2710) 
thrown [t:\workspace\open\src\hotspot\share\interpreter\linkResolver.cpp, line 790]
Event: 0.277 Thread 0x000001b38573e6b0 Exception <a 'java/lang/NoSuchMethodError'{0x000000008bb19240}: 'java.lang.Object java.lang.invoke.DirectMethodHandle$Holder.invokeStatic(java.lang.Object, int, java.lang.Object)'> (0x000000008bb19240) 
thrown [t:\workspace\open\src\hotspot\share\interpreter\linkResolver.cpp, line 790]
Event: 0.305 Thread 0x000001b38573e6b0 Exception <a 'java/lang/ClassNotFoundException'{0x000000008bbd3b30}: com/sun/swing/internal/plaf/metal/resources/spi/metalProvider> (0x000000008bbd3b30) 
thrown [t:\workspace\open\src\hotspot\share\classfile\systemDictionary.cpp, line 256]
Event: 0.306 Thread 0x000001b38573e6b0 Exception <a 'java/lang/ClassNotFoundException'{0x000000008bbd7bb0}: com/sun/swing/internal/plaf/basic/resources/spi/basicProvider> (0x000000008bbd7bb0) 
thrown [t:\workspace\open\src\hotspot\share\classfile\systemDictionary.cpp, line 256]
Event: 0.320 Thread 0x000001b3a436f010 Exception <a 'java/lang/NoSuchMethodError'{0x000000008ba0f9b8}: 'java.lang.Object java.lang.invoke.DirectMethodHandle$Holder.newInvokeSpecial(java.lang.Object, java.lang.Object, java.lang.Object, int, int, int, int, int)'> (0x000000008ba0f9b8) 
thrown [t:\workspace\open\src\hotspot\share\interpreter\linkResolver.cpp, line 790]

Events (20 events):
Event: 0.343 loading class sun/font/SunFontManager$T1Filter
Event: 0.343 loading class sun/font/SunFontManager$T1Filter done
Event: 0.343 loading class sun/font/SunFontManager$1
Event: 0.343 loading class sun/font/SunFontManager$1 done
Event: 0.343 loading class sun/font/FontManagerNativeLibrary
Event: 0.343 loading class sun/font/FontManagerNativeLibrary done
Event: 0.343 loading class sun/font/FontManagerNativeLibrary$1
Event: 0.343 loading class sun/font/FontManagerNativeLibrary$1 done
Event: 0.370 Loaded shared library C:\Program Files\Java\jdk-16.0.1\bin\freetype.dll
Event: 0.402 Loaded shared library C:\Program Files\Java\jdk-16.0.1\bin\harfbuzz.dll
Event: 0.414 Loaded shared library C:\Program Files\Java\jdk-16.0.1\bin\fontmanager.dll
Event: 0.414 loading class sun/font/TrueTypeFont
Event: 0.415 loading class sun/font/FileFont
Event: 0.416 loading class sun/font/PhysicalFont
Event: 0.416 loading class sun/font/Font2D
Event: 0.417 loading class sun/font/Font2D done
Event: 0.417 loading class sun/font/PhysicalFont done
Event: 0.417 loading class sun/font/FileFont done
Event: 0.417 loading class sun/font/TrueTypeFont done
Event: 0.417 loading class sun/font/Type1Font


Dynamic libraries:
0x00007ff713680000 - 0x00007ff713690000 	C:\Program Files\Java\jdk-16.0.1\bin\java.exe
0x00007ffe40570000 - 0x00007ffe40766000 	C:\Windows\SYSTEM32\ntdll.dll
0x00007ffe3f930000 - 0x00007ffe3f9ed000 	C:\Windows\System32\KERNEL32.DLL
0x00007ffe3dfb0000 - 0x00007ffe3e279000 	C:\Windows\System32\KERNELBASE.dll
0x00007ffe3dd30000 - 0x00007ffe3de30000 	C:\Windows\System32\ucrtbase.dll
0x00007ffe30de0000 - 0x00007ffe30df9000 	C:\Program Files\Java\jdk-16.0.1\bin\VCRUNTIME140.dll
0x00007ffe29b50000 - 0x00007ffe29b68000 	C:\Program Files\Java\jdk-16.0.1\bin\jli.dll
0x00007ffe3faf0000 - 0x00007ffe3fb9c000 	C:\Windows\System32\ADVAPI32.dll
0x00007ffe3ed20000 - 0x00007ffe3edbe000 	C:\Windows\System32\msvcrt.dll
0x00007ffe3fa50000 - 0x00007ffe3faec000 	C:\Windows\System32\sechost.dll
0x00007ffe3ebf0000 - 0x00007ffe3ed1b000 	C:\Windows\System32\RPCRT4.dll
0x00007ffe3ea40000 - 0x00007ffe3ebe0000 	C:\Windows\System32\USER32.dll
0x00007ffe3de30000 - 0x00007ffe3de52000 	C:\Windows\System32\win32u.dll
0x00007ffe404a0000 - 0x00007ffe404ca000 	C:\Windows\System32\GDI32.dll
0x00007ffe3e440000 - 0x00007ffe3e54b000 	C:\Windows\System32\gdi32full.dll
0x00007ffe3de60000 - 0x00007ffe3defd000 	C:\Windows\System32\msvcp_win.dll
0x00007ffe1c3c0000 - 0x00007ffe1c65b000 	C:\Windows\WinSxS\amd64_microsoft.windows.common-controls_6595b64144ccf1df_6.0.19041.746_none_ca02b4b61b8320a4\COMCTL32.dll
0x00007ffe37090000 - 0x00007ffe3709a000 	C:\Windows\SYSTEM32\VERSION.dll
0x00007ffe3f5c0000 - 0x00007ffe3f5f0000 	C:\Windows\System32\IMM32.DLL
0x00007ffe30dd0000 - 0x00007ffe30ddc000 	C:\Program Files\Java\jdk-16.0.1\bin\vcruntime140_1.dll
0x00007ffe06960000 - 0x00007ffe069f1000 	C:\Program Files\Java\jdk-16.0.1\bin\msvcp140.dll
0x00007ffde36f0000 - 0x00007ffde429b000 	C:\Program Files\Java\jdk-16.0.1\bin\server\jvm.dll
0x00007ffe3ebe0000 - 0x00007ffe3ebe8000 	C:\Windows\System32\PSAPI.DLL
0x00007ffe0fb60000 - 0x00007ffe0fb87000 	C:\Windows\SYSTEM32\WINMM.dll
0x00007ffdfa7d0000 - 0x00007ffdfa7d9000 	C:\Windows\SYSTEM32\WSOCK32.dll
0x00007ffe3f720000 - 0x00007ffe3f78b000 	C:\Windows\System32\WS2_32.dll
0x00007ffe3c580000 - 0x00007ffe3c592000 	C:\Windows\SYSTEM32\kernel.appcore.dll
0x00007ffe2f4f0000 - 0x00007ffe2f4fa000 	C:\Program Files\Java\jdk-16.0.1\bin\jimage.dll
0x00007ffe3c280000 - 0x00007ffe3c464000 	C:\Windows\SYSTEM32\DBGHELP.DLL
0x00007ffe28eb0000 - 0x00007ffe28edc000 	C:\Windows\SYSTEM32\dbgcore.DLL
0x00007ffe3e550000 - 0x00007ffe3e5d0000 	C:\Windows\System32\bcryptPrimitives.dll
0x00007ffe2ecc0000 - 0x00007ffe2ecce000 	C:\Program Files\Java\jdk-16.0.1\bin\instrument.dll
0x00007ffe1cbb0000 - 0x00007ffe1cbd5000 	C:\Program Files\Java\jdk-16.0.1\bin\java.dll
0x00007ffe3ee70000 - 0x00007ffe3f5b2000 	C:\Windows\System32\SHELL32.dll
0x00007ffe3ba20000 - 0x00007ffe3c1b0000 	C:\Windows\SYSTEM32\windows.storage.dll
0x00007ffe3e5f0000 - 0x00007ffe3e946000 	C:\Windows\System32\combase.dll
0x00007ffe3d640000 - 0x00007ffe3d66c000 	C:\Windows\SYSTEM32\Wldp.dll
0x00007ffe3f790000 - 0x00007ffe3f83e000 	C:\Windows\System32\SHCORE.dll
0x00007ffe404d0000 - 0x00007ffe40525000 	C:\Windows\System32\shlwapi.dll
0x00007ffe3dbe0000 - 0x00007ffe3dc06000 	C:\Windows\SYSTEM32\profapi.dll
0x00007ffe29b10000 - 0x00007ffe29b28000 	C:\Program Files\Java\jdk-16.0.1\bin\zip.dll
0x00007ffe1cb90000 - 0x00007ffe1cba9000 	C:\Program Files\Java\jdk-16.0.1\bin\net.dll
0x00007ffe38e30000 - 0x00007ffe38f30000 	C:\Windows\SYSTEM32\WINHTTP.dll
0x00007ffe3d3c0000 - 0x00007ffe3d42a000 	C:\Windows\system32\mswsock.dll
0x00007ffe11f60000 - 0x00007ffe11f73000 	C:\Program Files\Java\jdk-16.0.1\bin\nio.dll
0x00007ffe11b80000 - 0x00007ffe11b9a000 	C:\Program Files\JetBrains\IntelliJ IDEA Community Edition 2021.1.3\bin\breakgen64.dll
0x00007ffdf9e30000 - 0x00007ffdf9fb0000 	C:\Program Files\Java\jdk-16.0.1\bin\awt.dll
0x00007ffe40190000 - 0x00007ffe4025d000 	C:\Windows\System32\OLEAUT32.dll
0x00007ffe3b230000 - 0x00007ffe3b2c0000 	C:\Windows\SYSTEM32\apphelp.dll
0x00007ffe3b360000 - 0x00007ffe3b3fe000 	C:\Windows\system32\uxtheme.dll
0x00007ffe3fba0000 - 0x00007ffe3fcb5000 	C:\Windows\System32\MSCTF.dll
0x00007ffe3f5f0000 - 0x00007ffe3f71a000 	C:\Windows\System32\ole32.dll
0x00007ffe06850000 - 0x00007ffe068d9000 	C:\Program Files\Java\jdk-16.0.1\bin\freetype.dll
0x00007ffe03340000 - 0x00007ffe03436000 	C:\Program Files\Java\jdk-16.0.1\bin\harfbuzz.dll
0x00007ffe11b60000 - 0x00007ffe11b72000 	C:\Program Files\Java\jdk-16.0.1\bin\fontmanager.dll

dbghelp: loaded successfully - version: 4.0.5 - missing functions: none
symbol engine: initialized successfully - sym options: 0x614 - pdb path: .;C:\Program Files\Java\jdk-16.0.1\bin;C:\Windows\SYSTEM32;C:\Windows\WinSxS\amd64_microsoft.windows.common-controls_6595b64144ccf1df_6.0.19041.746_none_ca02b4b61b8320a4;C:\Program Files\Java\jdk-16.0.1\bin\server;C:\Program Files\JetBrains\IntelliJ IDEA Community Edition 2021.1.3\bin

VM Arguments:
jvm_args: -javaagent:C:\Program Files\JetBrains\IntelliJ IDEA Community Edition 2021.1.3\lib\idea_rt.jar=51100:C:\Program Files\JetBrains\IntelliJ IDEA Community Edition 2021.1.3\bin -Dfile.encoding=UTF-8 
java_command: Calculator.Calc
java_class_path (initial): G:\Java\JavaLessons\out\production\JavaLessons
Launcher Type: SUN_STANDARD

[Global flags]
     intx CICompilerCount                          = 4                                         {product} {ergonomic}
     uint ConcGCThreads                            = 2                                         {product} {ergonomic}
     uint G1ConcRefinementThreads                  = 8                                         {product} {ergonomic}
   size_t G1HeapRegionSize                         = 1048576                                   {product} {ergonomic}
    uintx GCDrainStackTargetSize                   = 64                                        {product} {ergonomic}
   size_t InitialHeapSize                          = 130023424                                 {product} {ergonomic}
   size_t MarkStackSize                            = 4194304                                   {product} {ergonomic}
   size_t MaxHeapSize                              = 2076180480                                {product} {ergonomic}
   size_t MaxNewSize                               = 1245708288                                {product} {ergonomic}
   size_t MinHeapDeltaBytes                        = 1048576                                   {product} {ergonomic}
   size_t MinHeapSize                              = 8388608                                   {product} {ergonomic}
    uintx NonNMethodCodeHeapSize                   = 5839372                                {pd product} {ergonomic}
    uintx NonProfiledCodeHeapSize                  = 122909434                              {pd product} {ergonomic}
    uintx ProfiledCodeHeapSize                     = 122909434                              {pd product} {ergonomic}
    uintx ReservedCodeCacheSize                    = 251658240                              {pd product} {ergonomic}
     bool SegmentedCodeCache                       = true                                      {product} {ergonomic}
   size_t SoftMaxHeapSize                          = 2076180480                             {manageable} {ergonomic}
     bool UseCompressedClassPointers               = true                           {product lp64_product} {ergonomic}
     bool UseCompressedOops                        = true                           {product lp64_product} {ergonomic}
     bool UseG1GC                                  = true                                      {product} {ergonomic}
     bool UseLargePagesIndividualAllocation        = false                                  {pd product} {ergonomic}

Logging:
Log output configuration:
 #0: stdout all=warning uptime,level,tags
 #1: stderr all=off uptime,level,tags

Environment Variables:
JAVA_HOME=C:\Program Files\Java\jdk-16.0.1
PATH=C:\Program Files\Common Files\Oracle\Java\javapath;C:\Windows\system32;C:\Windows;C:\Windows\System32\Wbem;C:\Windows\System32\WindowsPowerShell\v1.0\;C:\Windows\System32\OpenSSH\;C:\Program Files (x86)\Common Files\Acronis\SnapAPI\;C:\Program Files (x86)\NVIDIA Corporation\PhysX\Common;E:\web\OpenServer\modules\php\PHP_8.0;C:\Program Files\Java\jdk-16.0.1\bin\;E:\progr\web\OpenServer\modules\php\PHP_7.4;C:\ProgramData\ComposerSetup\bin;C:\Program Files\Git\cmd;C:\Program Files\Microsoft SQL Server\Client SDK\ODBC\170\Tools\Binn\;C:\Program Files (x86)\Microsoft SQL Server\150\Tools\Binn\;C:\Program Files\Microsoft SQL Server\150\Tools\Binn\;C:\Program Files\Microsoft SQL Server\150\DTS\Binn\;C:\Program Files\dotnet\;C:\Users\admin\AppData\Local\Microsoft\WindowsApps;;C:\Program Files\JetBrains\IntelliJ IDEA Community Edition 2021.1.3\bin;;C:\Program Files\JetBrains\PhpStorm 2020.2.3\bin;;C:\Users\admin\AppData\Local\Programs\Microsoft VS Code\bin;C:\Users\admin\AppData\Roaming\Composer\vendor\bin;C:\Users\admin\AppData\Local\JetBrains\WebStorm 2021.2.2\bin;;C:\Program Files\Azure Data Studio\bin;C:\Users\admin\AppData\Local\JetBrains\Toolbox\scripts
USERNAME=admin
OS=Windows_NT
PROCESSOR_IDENTIFIER=Intel64 Family 6 Model 140 Stepping 1, GenuineIntel



---------------  S Y S T E M  ---------------

OS:
 Windows 10 , 64 bit Build 19041 (10.0.19041.782)
OS uptime: 8 days 23:31 hours

CPU: total 8 (initial active 8) (4 cores per cpu, 2 threads per core) family 6 model 140 stepping 1 microcode 0x9a, cx8, cmov, fxsr, ht, mmx, 3dnowpref, sse, sse2, sse3, ssse3, sse4.1, sse4.2, popcnt, lzcnt, tsc, tscinvbit, avx, avx2, aes, erms, clmul, bmi1, bmi2, adx, avx512f, avx512dq, avx512cd, avx512bw, avx512vl, sha, fma, vzeroupper, avx512_vpopcntdq, avx512_vpclmulqdq, avx512_vaes, avx512_vnni, clflush, clflushopt, clwb, avx512_vmbi2, avx512_vmbi

Memory: 4k page, system-wide physical 7914M (792M free)
TotalPageFile size 18154M (AvailPageFile size 3M)
current process WorkingSet (physical memory assigned to process): 46M, peak: 46M
current process commit charge ("private bytes"): 213M, peak: 213M

vm_info: Java HotSpot(TM) 64-Bit Server VM (16.0.1+9-24) for windows-amd64 JRE (16.0.1+9-24), built on Mar 26 2021 19:31:42 by "mach5one" with MS VC++ 16.7 (VS2019)

END.
